<?xml version="1.0" encoding="UTF-8"?>
<testng-results skipped="0" failed="0" total="1" passed="1">
  <reporter-output>
  </reporter-output>
  <suite name="Default suite" duration-ms="107140" started-at="2018-07-17T07:48:23Z" finished-at="2018-07-17T07:50:10Z">
    <groups>
    </groups>
    <test name="Default test" duration-ms="107140" started-at="2018-07-17T07:48:23Z" finished-at="2018-07-17T07:50:10Z">
      <class name="VerifyTitle.Title_validation">
        <test-method status="PASS" signature="verifyApplicationTitle()[pri:0, instance:VerifyTitle.Title_validation@32e6e9c3]" name="verifyApplicationTitle" duration-ms="107116" started-at="2018-07-17T13:18:23Z" finished-at="2018-07-17T13:20:10Z">
          <reporter-output>
          </reporter-output>
        </test-method> <!-- verifyApplicationTitle -->
      </class> <!-- VerifyTitle.Title_validation -->
    </test> <!-- Default test -->
  </suite> <!-- Default suite -->
</testng-results>
